#
# A fatal error has been detected by the Java Runtime Environment:
#
#  EXCEPTION_ACCESS_VIOLATION (0xc0000005) at pc=0x7c90100b, pid=256, tid=2184
#
# JRE version: 7.0_21-b11
# Java VM: Java HotSpot(TM) Client VM (23.21-b01 mixed mode, sharing windows-x86 )
# Problematic frame:
# C  [ntdll.dll+0x100b]  RtlEnterCriticalSection+0xb
#
# Failed to write core dump. Minidumps are not enabled by default on client versions of Windows
#
# If you would like to submit a bug report, please visit:
#   http://bugreport.sun.com/bugreport/crash.jsp
# The crash happened outside the Java Virtual Machine in native code.
# See problematic frame for where to report the bug.
#

---------------  T H R E A D  ---------------

Current thread (0x003b8400):  JavaThread "main" [_thread_in_native, id=2184, stack(0x00900000,0x00950000)]

siginfo: ExceptionCode=0xc0000005, reading address 0x00000018

Registers:
EAX=0x00000004, EBX=0x32b34c78, ECX=0x7ffde000, EDX=0x00000004
ESP=0x0094fa98, EBP=0x0094fab0, ESI=0x00000000, EDI=0x03101590
EIP=0x7c90100b, EFLAGS=0x00010246

Top of Stack: (sp=0x0094fa98)
0x0094fa98:   74355a16 00000004 031015b4 7432139f
0x0094faa8:   031015b4 03101590 0094fac0 74322c5d
0x0094fab8:   031015b4 003b8528 0094fad4 74325fa0
0x0094fac8:   03101590 74350000 00000000 0094faf0
0x0094fad8:   7432740e 03101590 0094fb10 00000003
0x0094fae8:   02aa8b28 003b8528 0094fb08 6d6b124e
0x0094faf8:   03101590 0094fb10 003b8400 32b34c78
0x0094fb08:   0094fb4c 0096a717 00000000 0094fb68 

Instructions: (pc=0x7c90100b)
0x7c900feb:   00 00 00 00 00 00 00 00 00 00 00 00 00 00 00 00
0x7c900ffb:   00 00 00 00 00 64 8b 0d 18 00 00 00 8b 54 24 04
0x7c90100b:   83 7a 14 00 75 4f f0 ff 42 04 75 19 8b 41 24 89
0x7c90101b:   42 0c c7 42 08 01 00 00 00 33 c0 c2 04 00 8d a4 


Register to memory mapping:

EAX=0x00000004 is an unknown value
EBX=0x32b34c78 is an oop
{method} 
 - klass: {other class}
ECX=0x7ffde000 is an unknown value
EDX=0x00000004 is an unknown value
ESP=0x0094fa98 is pointing into the stack for thread: 0x003b8400
EBP=0x0094fab0 is pointing into the stack for thread: 0x003b8400
ESI=0x00000000 is an unknown value
EDI=0x03101590 is an unknown value


Stack: [0x00900000,0x00950000],  sp=0x0094fa98,  free space=318k
Native frames: (J=compiled Java code, j=interpreted, Vv=VM code, C=native code)
C  [ntdll.dll+0x100b]  RtlEnterCriticalSection+0xb
C  [ODBC32.dll+0x2c5d]  MpHeapAlloc+0x452
C  [ODBC32.dll+0x5fa0]  SQLSetStmtAttrW+0xfeb
C  [ODBC32.dll+0x740e]  SQLAllocStmt+0x21
C  [JdbcOdbc.dll+0x124e]  Java_sun_jdbc_odbc_JdbcOdbc_allocStmt+0x28
j  sun.jdbc.odbc.JdbcOdbc.allocStmt(J[B)J+0
j  sun.jdbc.odbc.JdbcOdbc.SQLAllocStmt(J)J+47
j  sun.jdbc.odbc.JdbcOdbcConnection.createStatement(II)Ljava/sql/Statement;+27
j  sun.jdbc.odbc.JdbcOdbcConnection.createStatement()Ljava/sql/Statement;+7
j  baza.DBKomunikacija.vratiListuObjekata(Ldomen/OpstiDomenskiObjekat;)Ljava/util/List;+57
j  kontroler.Kontroler.vratiSvaDela()Ljava/util/List;+11
j  server.Server.opsluziKlijenta(Ljava/net/Socket;)V+940
j  server.Server.start()V+46
j  server.Server.main([Ljava/lang/String;)V+7
v  ~StubRoutines::call_stub
V  [jvm.dll+0x12b41a]
V  [jvm.dll+0x1daa0e]
V  [jvm.dll+0x12b49d]
V  [jvm.dll+0xaf3f4]
V  [jvm.dll+0xb9777]
C  [java.exe+0x205f]
C  [java.exe+0xa5a1]
C  [java.exe+0xa62b]
C  [kernel32.dll+0xb699]  GetModuleFileNameA+0x1ba

Java frames: (J=compiled Java code, j=interpreted, Vv=VM code)
j  sun.jdbc.odbc.JdbcOdbc.allocStmt(J[B)J+0
j  sun.jdbc.odbc.JdbcOdbc.SQLAllocStmt(J)J+47
j  sun.jdbc.odbc.JdbcOdbcConnection.createStatement(II)Ljava/sql/Statement;+27
j  sun.jdbc.odbc.JdbcOdbcConnection.createStatement()Ljava/sql/Statement;+7
j  baza.DBKomunikacija.vratiListuObjekata(Ldomen/OpstiDomenskiObjekat;)Ljava/util/List;+57
j  kontroler.Kontroler.vratiSvaDela()Ljava/util/List;+11
j  server.Server.opsluziKlijenta(Ljava/net/Socket;)V+940
j  server.Server.start()V+46
j  server.Server.main([Ljava/lang/String;)V+7
v  ~StubRoutines::call_stub

---------------  P R O C E S S  ---------------

Java Threads: ( => current thread )
  0x02a8c000 JavaThread "Service Thread" daemon [_thread_blocked, id=164, stack(0x02e20000,0x02e70000)]
  0x02a86400 JavaThread "C1 CompilerThread0" daemon [_thread_blocked, id=3472, stack(0x02dd0000,0x02e20000)]
  0x02a84400 JavaThread "Attach Listener" daemon [_thread_blocked, id=572, stack(0x02d80000,0x02dd0000)]
  0x02a83000 JavaThread "Signal Dispatcher" daemon [_thread_blocked, id=1216, stack(0x02d30000,0x02d80000)]
  0x02a74400 JavaThread "Finalizer" daemon [_thread_blocked, id=288, stack(0x02ce0000,0x02d30000)]
  0x02a6f800 JavaThread "Reference Handler" daemon [_thread_blocked, id=2780, stack(0x02c90000,0x02ce0000)]
=>0x003b8400 JavaThread "main" [_thread_in_native, id=2184, stack(0x00900000,0x00950000)]

Other Threads:
  0x02a6e000 VMThread [stack: 0x02c40000,0x02c90000] [id=2112]
  0x02a9fc00 WatcherThread [stack: 0x02e70000,0x02ec0000] [id=996]

VM state:not at safepoint (normal execution)

VM Mutex/Monitor currently owned by a thread: None

Heap
 def new generation   total 4928K, used 902K [0x22ae0000, 0x23030000, 0x28030000)
  eden space 4416K,  20% used [0x22ae0000, 0x22bc1af8, 0x22f30000)
  from space 512K,   0% used [0x22f30000, 0x22f30000, 0x22fb0000)
  to   space 512K,   0% used [0x22fb0000, 0x22fb0000, 0x23030000)
 tenured generation   total 10944K, used 0K [0x28030000, 0x28ae0000, 0x32ae0000)
   the space 10944K,   0% used [0x28030000, 0x28030000, 0x28030200, 0x28ae0000)
 compacting perm gen  total 12288K, used 626K [0x32ae0000, 0x336e0000, 0x36ae0000)
   the space 12288K,   5% used [0x32ae0000, 0x32b7cbf8, 0x32b7cc00, 0x336e0000)
    ro space 10240K,  45% used [0x36ae0000, 0x36f67988, 0x36f67a00, 0x374e0000)
    rw space 12288K,  54% used [0x374e0000, 0x37b6b5d8, 0x37b6b600, 0x380e0000)

Card table byte_map: [0x02ae0000,0x02b90000] byte_map_base: 0x029ca900

Polling page: 0x003e0000

Code Cache  [0x00960000, 0x00a10000, 0x02960000)
 total_blobs=193 nmethods=40 adapters=89 free_code_cache=32080Kb largest_free_block=32850624

Compilation events (10 events):
Event: 9.951 Thread 0x02a86400   36             java.lang.Character::toUpperCaseEx (30 bytes)
Event: 9.951 Thread 0x02a86400 nmethod 36 0x00a04c08 code [0x00a04d10, 0x00a04db8]
Event: 9.951 Thread 0x02a86400   37             java.lang.CharacterDataLatin1::toUpperCaseEx (71 bytes)
Event: 9.952 Thread 0x02a86400 nmethod 37 0x00a04e48 code [0x00a04f40, 0x00a05040]
Event: 9.952 Thread 0x02a86400   38   !         sun.net.www.ParseUtil::decode (316 bytes)
Event: 9.955 Thread 0x02a86400 nmethod 38 0x00a07008 code [0x00a072b0, 0x00a08048]
Event: 10.248 Thread 0x02a86400   39             java.io.DataOutputStream::writeUTF (435 bytes)
Event: 10.250 Thread 0x02a86400 nmethod 39 0x00a09848 code [0x00a09a30, 0x00a0a2fc]
Event: 12.345 Thread 0x02a86400   40             sun.net.www.ParseUtil::encodePath (336 bytes)
Event: 12.346 Thread 0x02a86400 nmethod 40 0x00a0ae88 code [0x00a0b030, 0x00a0b6d8]

GC Heap History (0 events):
No events

Deoptimization events (0 events):
No events

Internal exceptions (10 events):
Event: 9.929 Thread 0x003b8400 Threw 0x22b65908 at C:\jdk7u2_32P\jdk7u21\hotspot\src\share\vm\prims\jvm.cpp:1166
Event: 9.930 Thread 0x003b8400 Threw 0x22b674a8 at C:\jdk7u2_32P\jdk7u21\hotspot\src\share\vm\prims\jvm.cpp:1166
Event: 9.931 Thread 0x003b8400 Threw 0x22b6bda8 at C:\jdk7u2_32P\jdk7u21\hotspot\src\share\vm\prims\jvm.cpp:1166
Event: 9.932 Thread 0x003b8400 Threw 0x22b6d7b8 at C:\jdk7u2_32P\jdk7u21\hotspot\src\share\vm\prims\jvm.cpp:1166
Event: 9.949 Thread 0x003b8400 Threw 0x22b93b10 at C:\jdk7u2_32P\jdk7u21\hotspot\src\share\vm\prims\jvm.cpp:1166
Event: 9.949 Thread 0x003b8400 Threw 0x22b93c28 at C:\jdk7u2_32P\jdk7u21\hotspot\src\share\vm\prims\jvm.cpp:1166
Event: 9.949 Thread 0x003b8400 Threw 0x22b97658 at C:\jdk7u2_32P\jdk7u21\hotspot\src\share\vm\prims\jvm.cpp:1166
Event: 9.950 Thread 0x003b8400 Threw 0x22b97770 at C:\jdk7u2_32P\jdk7u21\hotspot\src\share\vm\prims\jvm.cpp:1166
Event: 10.248 Thread 0x003b8400 Threw 0x22bafe28 at C:\jdk7u2_32P\jdk7u21\hotspot\src\share\vm\prims\jni.cpp:1631
Event: 12.345 Thread 0x003b8400 Threw 0x22bb9d88 at C:\jdk7u2_32P\jdk7u21\hotspot\src\share\vm\prims\jvm.cpp:1166

Events (10 events):
Event: 10.133 loading class 0x02f530a0
Event: 10.133 loading class 0x02aa4950
Event: 10.134 loading class 0x02aa4950 done
Event: 10.134 loading class 0x02f530a0 done
Event: 10.146 loading class 0x381532b0
Event: 10.146 loading class 0x38153258
Event: 10.146 loading class 0x38153258 done
Event: 10.146 loading class 0x381532b0 done
Event: 12.345 loading class 0x02ab7120
Event: 12.345 loading class 0x02ab7120 done


Dynamic libraries:
0x00400000 - 0x0042f000 	C:\Program Files\Java\jdk1.7.0_21\bin\java.exe
0x7c900000 - 0x7c9b2000 	C:\WINDOWS\system32\ntdll.dll
0x7c800000 - 0x7c8f5000 	C:\WINDOWS\system32\kernel32.dll
0x77dd0000 - 0x77e6b000 	C:\WINDOWS\system32\ADVAPI32.dll
0x77e70000 - 0x77f02000 	C:\WINDOWS\system32\RPCRT4.dll
0x77fe0000 - 0x77ff1000 	C:\WINDOWS\system32\Secur32.dll
0x77d40000 - 0x77dd0000 	C:\WINDOWS\system32\USER32.dll
0x77f10000 - 0x77f58000 	C:\WINDOWS\system32\GDI32.dll
0x773d0000 - 0x774d2000 	C:\WINDOWS\WinSxS\x86_Microsoft.Windows.Common-Controls_6595b64144ccf1df_6.0.2600.2180_x-ww_a84f1ff9\COMCTL32.dll
0x77c10000 - 0x77c68000 	C:\WINDOWS\system32\msvcrt.dll
0x77f60000 - 0x77fd6000 	C:\WINDOWS\system32\SHLWAPI.dll
0x78aa0000 - 0x78b5e000 	C:\Program Files\Java\jdk1.7.0_21\jre\bin\msvcr100.dll
0x6e8c0000 - 0x6ec0f000 	C:\Program Files\Java\jdk1.7.0_21\jre\bin\client\jvm.dll
0x71ad0000 - 0x71ad9000 	C:\WINDOWS\system32\WSOCK32.dll
0x71ab0000 - 0x71ac7000 	C:\WINDOWS\system32\WS2_32.dll
0x71aa0000 - 0x71aa8000 	C:\WINDOWS\system32\WS2HELP.dll
0x76b40000 - 0x76b6d000 	C:\WINDOWS\system32\WINMM.dll
0x76bf0000 - 0x76bfb000 	C:\WINDOWS\system32\PSAPI.DLL
0x6e810000 - 0x6e81c000 	C:\Program Files\Java\jdk1.7.0_21\jre\bin\verify.dll
0x6d5a0000 - 0x6d5c0000 	C:\Program Files\Java\jdk1.7.0_21\jre\bin\java.dll
0x6e8a0000 - 0x6e8b3000 	C:\Program Files\Java\jdk1.7.0_21\jre\bin\zip.dll
0x6e5c0000 - 0x6e5d4000 	C:\Program Files\Java\jdk1.7.0_21\jre\bin\net.dll
0x71a50000 - 0x71a8f000 	C:\WINDOWS\system32\mswsock.dll
0x662b0000 - 0x66308000 	C:\WINDOWS\system32\hnetcfg.dll
0x71a90000 - 0x71a98000 	C:\WINDOWS\System32\wshtcpip.dll
0x6d6b0000 - 0x6d6be000 	C:\Program Files\Java\jdk1.7.0_21\jre\bin\JdbcOdbc.dll
0x74320000 - 0x7435d000 	C:\WINDOWS\system32\ODBC32.dll
0x7c9c0000 - 0x7d1d6000 	C:\WINDOWS\system32\SHELL32.dll
0x763b0000 - 0x763f9000 	C:\WINDOWS\system32\comdlg32.dll
0x20000000 - 0x20017000 	C:\WINDOWS\system32\odbcint.dll
0x78130000 - 0x781cb000 	C:\WINDOWS\WinSxS\x86_Microsoft.VC80.CRT_1fc8b3b9a1e18e3b_8.0.50727.4053_x-ww_e6967989\MSVCR80.dll
0x774e0000 - 0x7761c000 	C:\WINDOWS\system32\ole32.dll
0x03930000 - 0x049b2000 	C:\Program Files\Common Files\Microsoft Shared\office12\mso.dll
0x745e0000 - 0x748a6000 	C:\WINDOWS\system32\msi.dll
0x03700000 - 0x038ad000 	C:\Program Files\Common Files\Microsoft Shared\OFFICE12\ACECORE.DLL
0x7c420000 - 0x7c4a7000 	C:\WINDOWS\WinSxS\x86_Microsoft.VC80.CRT_1fc8b3b9a1e18e3b_8.0.50727.4053_x-ww_e6967989\MSVCP80.dll
0x77120000 - 0x771ac000 	C:\WINDOWS\system32\OLEAUT32.dll
0x77c00000 - 0x77c08000 	C:\WINDOWS\system32\VERSION.dll
0x049c0000 - 0x04a62000 	C:\Program Files\Common Files\Microsoft Shared\OFFICE12\1033\ACEWSTR.DLL
0x04b70000 - 0x051c5000 	C:\Program Files\Common Files\Microsoft Shared\OFFICE12\MSORES.DLL
0x051d0000 - 0x05bad000 	C:\Program Files\Common Files\Microsoft Shared\office12\1033\MSOINTL.DLL
0x5ad70000 - 0x5ada8000 	C:\WINDOWS\system32\uxtheme.dll
0x22200000 - 0x22206000 	C:\Program Files\ESET\ESET NOD32 Antivirus\eplgHooks.dll
0x05c00000 - 0x05c4b000 	C:\WINDOWS\system32\MSCTF.dll
0x76fd0000 - 0x7704f000 	C:\WINDOWS\system32\CLBCATQ.DLL
0x77050000 - 0x77115000 	C:\WINDOWS\system32\COMRes.dll
0x0f9a0000 - 0x0f9ab000 	C:\WINDOWS\system32\VBAJET32.DLL
0x59a60000 - 0x59b01000 	C:\WINDOWS\system32\dbghelp.dll

VM Arguments:
jvm_args: -Dfile.encoding=UTF-8 
java_command: server.Server
Launcher Type: SUN_STANDARD

Environment Variables:
CLASSPATH=.;C:\Program Files\Java\jre6\lib\ext\QTJava.zip
PATH=C:\WINDOWS\system32;C:\WINDOWS;C:\WINDOWS\System32\Wbem;C:\Program Files\Common Files\DivX Shared\;C:\Program Files\QuickTime\QTSystem\;c:\Program Files\Microsoft SQL Server\90\Tools\binn\;C:\Program Files\Smart Projects\IsoBuster
USERNAME=miljan
OS=Windows_NT
PROCESSOR_IDENTIFIER=x86 Family 15 Model 107 Stepping 1, AuthenticAMD



---------------  S Y S T E M  ---------------

OS: Windows XP Build 2600 Service Pack 2

CPU:total 2 (2 cores per cpu, 1 threads per core) family 15 model 107 stepping 1, cmov, cx8, fxsr, mmx, sse, sse2, sse3, mmxext, 3dnowpref, tsc

Memory: 4k page, physical 1834220k(271780k free), swap 3773544k(1612384k free)

vm_info: Java HotSpot(TM) Client VM (23.21-b01) for windows-x86 JRE (1.7.0_21-b11), built on Apr  4 2013 04:43:10 by "java_re" with unknown MS VC++:1600

time: Thu Nov 21 01:12:58 2013
elapsed time: 12 seconds

